<?xml version="1.0" encoding="UTF-8"?>
<testng-results ignored="0" total="1" passed="1" failed="0" skipped="0">
  <reporter-output>
  </reporter-output>
  <suite started-at="2023-09-14T12:06:21 EET" name="Default suite" finished-at="2023-09-14T12:06:23 EET" duration-ms="2165">
    <groups>
    </groups>
    <test started-at="2023-09-14T12:06:21 EET" name="Default test" finished-at="2023-09-14T12:06:23 EET" duration-ms="2165">
      <class name="Test_java">
        <test-method is-config="true" signature="MyBeforeTest()[pri:0, instance:Test_java@518cf84a]" started-at="2023-09-14T12:06:21 EET" name="MyBeforeTest" finished-at="2023-09-14T12:06:22 EET" duration-ms="1648" status="PASS">
          <reporter-output>
          </reporter-output>
        </test-method> <!-- MyBeforeTest -->
        <test-method signature="MyTest()[pri:0, instance:Test_java@518cf84a]" started-at="2023-09-14T12:06:22 EET" name="MyTest" finished-at="2023-09-14T12:06:23 EET" duration-ms="484" status="PASS">
          <reporter-output>
          </reporter-output>
        </test-method> <!-- MyTest -->
        <test-method is-config="true" signature="MyAfterTest()[pri:0, instance:Test_java@518cf84a]" started-at="2023-09-14T12:06:23 EET" name="MyAfterTest" finished-at="2023-09-14T12:06:23 EET" duration-ms="0" status="PASS">
          <reporter-output>
          </reporter-output>
        </test-method> <!-- MyAfterTest -->
      </class> <!-- Test_java -->
    </test> <!-- Default test -->
  </suite> <!-- Default suite -->
</testng-results>
