<?xml version="1.0" encoding="UTF-8"?>
<testng-results ignored="0" total="1" passed="1" failed="0" skipped="0">
  <reporter-output>
  </reporter-output>
  <suite started-at="2023-09-20T23:34:39 EET" name="Default suite" finished-at="2023-09-20T23:35:03 EET" duration-ms="23957">
    <groups>
    </groups>
    <test started-at="2023-09-20T23:34:39 EET" name="Default test" finished-at="2023-09-20T23:35:03 EET" duration-ms="23957">
      <class name="Test_java">
        <test-method is-config="true" signature="MyBeforeTest()[pri:0, instance:Test_java@66c83fc8]" started-at="2023-09-20T23:34:39 EET" name="MyBeforeTest" finished-at="2023-09-20T23:34:42 EET" duration-ms="3004" status="PASS">
          <reporter-output>
          </reporter-output>
        </test-method> <!-- MyBeforeTest -->
        <test-method signature="MyTest()[pri:0, instance:Test_java@66c83fc8]" started-at="2023-09-20T23:34:43 EET" name="MyTest" finished-at="2023-09-20T23:35:03 EET" duration-ms="20923" status="PASS">
          <reporter-output>
          </reporter-output>
        </test-method> <!-- MyTest -->
        <test-method is-config="true" signature="MyAfterTest()[pri:0, instance:Test_java@66c83fc8]" started-at="2023-09-20T23:35:03 EET" name="MyAfterTest" finished-at="2023-09-20T23:35:03 EET" duration-ms="0" status="PASS">
          <reporter-output>
          </reporter-output>
        </test-method> <!-- MyAfterTest -->
      </class> <!-- Test_java -->
    </test> <!-- Default test -->
  </suite> <!-- Default suite -->
</testng-results>
